\BOOKMARK [0][-]{section*.2}{\376\377\000Q\000u\000a\000n\000t\000u\000m\000\040\000A\000c\000c\000e\000l\000e\000r\000a\000t\000e\000d\000\040\000C\000a\000u\000s\000a\000l\000\040\000T\000o\000m\000o\000g\000r\000a\000p\000h\000y\000:\000\040\000C\000i\000r\000c\000u\000i\000t\000\040\000C\000o\000n\000s\000i\000d\000e\000r\000a\000t\000i\000o\000n\000s\000\040\000F\000o\000r\000\040\000A\000p\000p\000l\000i\000c\000a\000t\000i\000o\000n\000s\000\040\000I\000n\000\040\000B\000i\000o\000i\000n\000f\000o\000r\000m\000a\000t\000i\000c\000s\000\040\000a\000n\000d\000\040\000A\000G\000I}{}% 2
\BOOKMARK [1][-]{section*.1}{\376\377\000A\000b\000s\000t\000r\000a\000c\000t}{section*.2}% 1
\BOOKMARK [1][-]{section*.3}{\376\377\000I\000n\000t\000r\000o\000d\000u\000c\000t\000i\000o\000n}{section*.2}% 3
\BOOKMARK [1][-]{section*.4}{\376\377\000O\000v\000e\000r\000v\000i\000e\000w\000\040\000o\000f\000\040\000c\000a\000u\000s\000a\000l\000\040\000i\000n\000f\000e\000r\000e\000n\000c\000e}{section*.2}% 4
\BOOKMARK [2][-]{section*.5}{\376\377\000C\000h\000a\000l\000l\000e\000n\000g\000e\000s\000\040\000o\000f\000\040\000p\000e\000r\000f\000o\000r\000m\000i\000n\000g\000\040\000c\000a\000u\000s\000a\000l\000\040\000i\000n\000f\000e\000r\000e\000n\000c\000e}{section*.4}% 5
\BOOKMARK [2][-]{section*.6}{\376\377\000C\000l\000a\000s\000s\000i\000c\000a\000l\000\040\000t\000e\000c\000h\000n\000i\000q\000u\000e\000s\000\040\000i\000n\000\040\000c\000a\000u\000s\000a\000l\000\040\000i\000n\000f\000e\000r\000e\000n\000c\000e}{section*.4}% 6
\BOOKMARK [2][-]{section*.7}{\376\377\000A\000l\000g\000o\000r\000i\000t\000h\000m\000i\000c\000\040\000m\000a\000c\000h\000i\000n\000e\000\040\000l\000e\000a\000r\000n\000i\000n\000g}{section*.4}% 7
\BOOKMARK [2][-]{section*.8}{\376\377\000Q\000u\000a\000n\000t\000u\000m\000\040\000c\000o\000m\000p\000u\000t\000a\000t\000i\000o\000n\000\040\000a\000n\000d\000\040\000a\000l\000g\000o\000r\000i\000t\000h\000m\000i\000c\000\040\000i\000n\000f\000o\000r\000m\000a\000t\000i\000o\000n}{section*.4}% 8
\BOOKMARK [1][-]{section*.9}{\376\377\000C\000a\000u\000s\000a\000l\000\040\000h\000y\000p\000o\000t\000h\000e\000s\000i\000s\000\040\000t\000e\000s\000t\000i\000n\000g}{section*.2}% 9
\BOOKMARK [2][-]{section*.10}{\376\377\000Q\000u\000a\000n\000t\000u\000m\000\040\000a\000d\000v\000a\000n\000t\000a\000g\000e\000\040\000i\000n\000\040\000c\000l\000a\000s\000s\000i\000c\000a\000l\000\040\000c\000a\000u\000s\000a\000l\000\040\000h\000y\000p\000o\000t\000h\000e\000s\000i\000s\000\040\000t\000e\000s\000t\000i\000n\000g}{section*.9}% 10
\BOOKMARK [1][-]{section*.11}{\376\377\000P\000r\000o\000b\000l\000e\000m\000\040\000f\000o\000r\000m\000u\000l\000a\000t\000i\000o\000n}{section*.2}% 11
\BOOKMARK [2][-]{section*.12}{\376\377\000M\000o\000d\000e\000l\000\040\000i\000m\000p\000l\000e\000m\000e\000n\000t\000a\000t\000i\000o\000n}{section*.11}% 12
\BOOKMARK [2][-]{section*.13}{\376\377\000P\000r\000a\000c\000t\000i\000c\000a\000l\000\040\000e\000r\000r\000o\000r\000\040\000p\000r\000o\000b\000a\000b\000i\000l\000i\000t\000y}{section*.11}% 13
\BOOKMARK [2][-]{section*.14}{\376\377\000N\000u\000m\000e\000r\000i\000c\000a\000l\000\040\000r\000e\000s\000u\000l\000t\000s}{section*.11}% 14
\BOOKMARK [1][-]{section*.15}{\376\377\000A\000p\000p\000l\000i\000c\000a\000t\000i\000o\000n\000\040\000f\000r\000a\000m\000e\000w\000o\000r\000k}{section*.2}% 15
\BOOKMARK [2][-]{section*.16}{\376\377\000B\000i\000o\000i\000n\000f\000o\000r\000m\000a\000t\000i\000c\000s}{section*.15}% 16
\BOOKMARK [2][-]{section*.17}{\376\377\000A\000r\000t\000i\000f\000i\000c\000i\000a\000l\000\040\000G\000e\000n\000e\000r\000a\000l\000\040\000I\000n\000t\000e\000l\000l\000i\000g\000e\000n\000c\000e}{section*.15}% 17
\BOOKMARK [1][-]{section*.18}{\376\377\000C\000o\000n\000c\000l\000u\000s\000i\000o\000n}{section*.2}% 18
\BOOKMARK [1][-]{section*.19}{\376\377\000A\000c\000k\000n\000o\000w\000l\000e\000d\000g\000m\000e\000n\000t\000s}{section*.2}% 19
\BOOKMARK [1][-]{section*.20}{\376\377\000R\000e\000f\000e\000r\000e\000n\000c\000e\000s}{section*.2}% 20
